Application/build/outputs/logs/manifest-merger-debug-report.txt
-- Merging decision tree log ---
manifest
ADDED from src/main/AndroidManifest.xml:20:1-66:12
	package
		ADDED from src/main/AndroidManifest.xml:21:5-50
	android:versionName
		ADDED from src/main/AndroidManifest.xml:23:5-30
		INJECTED from src/main/AndroidManifest.xml
		INJECTED from src/main/AndroidManifest.xml
	android:versionCode
		ADDED from src/main/AndroidManifest.xml:22:5-28
		INJECTED from src/main/AndroidManifest.xml
		INJECTED from src/main/AndroidManifest.xml
	xmlns:android
		ADDED from src/main/AndroidManifest.xml:20:11-69
uses-feature#android.hardware.bluetooth_le
ADDED from src/main/AndroidManifest.xml:31:5-89
	android:required
		ADDED from src/main/AndroidManifest.xml:31:64-87
	android:name
		ADDED from src/main/AndroidManifest.xml:31:19-63
uses-permission#android.permission.BLUETOOTH
ADDED from src/main/AndroidManifest.xml:33:5-67
	android:name
		ADDED from src/main/AndroidManifest.xml:33:22-65
uses-permission#android.permission.BLUETOOTH_ADMIN
ADDED from src/main/AndroidManifest.xml:34:5-73
	android:name
		ADDED from src/main/AndroidManifest.xml:34:22-71
uses-permission#android.permission.ACCESS_COARSE_LOCATION
ADDED from src/main/AndroidManifest.xml:35:5-80
	android:name
		ADDED from src/main/AndroidManifest.xml:35:22-78
uses-permission#android.permission.ACCESS_FINE_LOCATION
ADDED from src/main/AndroidManifest.xml:36:5-78
	android:name
		ADDED from src/main/AndroidManifest.xml:36:22-76
uses-permission#android.permission.WAKE_LOCK
ADDED from src/main/AndroidManifest.xml:37:5-67
	android:name
		ADDED from src/main/AndroidManifest.xml:37:22-65
application
ADDED from src/main/AndroidManifest.xml:40:5-64:19
MERGED from [com.android.support:support-v4:24.1.1] AndroidManifest.xml:25:5-20
MERGED from [com.android.support:support-v13:24.1.1] AndroidManifest.xml:25:5-20
MERGED from [com.android.support:support-v4:24.1.1] AndroidManifest.xml:25:5-20
MERGED from [com.android.support:cardview-v7:24.1.1] AndroidManifest.xml:22:5-20
MERGED from [com.android.support:appcompat-v7:24.1.1] AndroidManifest.xml:25:5-20
MERGED from [com.android.support:animated-vector-drawable:24.1.1] AndroidManifest.xml:22:5-20
MERGED from [com.android.support:support-vector-drawable:24.1.1] AndroidManifest.xml:23:5-20
MERGED from [com.android.support:support-v4:24.1.1] AndroidManifest.xml:25:5-20
MERGED from [com.android.support:support-v4:24.1.1] AndroidManifest.xml:25:5-20
MERGED from [com.android.support:support-vector-drawable:24.1.1] AndroidManifest.xml:23:5-20
MERGED from [com.android.support:support-v4:24.1.1] AndroidManifest.xml:25:5-20
	android:label
		ADDED from src/main/AndroidManifest.xml:40:18-50
	android:icon
		ADDED from src/main/AndroidManifest.xml:41:9-45
	android:theme
		ADDED from src/main/AndroidManifest.xml:42:9-56
activity#com.example.android.bluetoothlegatt.DeviceScanActivity
ADDED from src/main/AndroidManifest.xml:43:9-49:20
	android:label
		ADDED from src/main/AndroidManifest.xml:44:13-45
	android:name
		ADDED from src/main/AndroidManifest.xml:43:19-53
intent-filter#android.intent.category.LAUNCHER
ADDED from src/main/AndroidManifest.xml:45:13-48:29
category#android.intent.category.LAUNCHER
ADDED from src/main/AndroidManifest.xml:47:17-76
	android:name
		ADDED from src/main/AndroidManifest.xml:47:27-74
activity#com.example.android.bluetoothlegatt.MainActivity
ADDED from src/main/AndroidManifest.xml:50:9-56:20
	android:label
		ADDED from src/main/AndroidManifest.xml:51:13-45
	android:name
		ADDED from src/main/AndroidManifest.xml:50:19-47
intent-filter#android.intent.action.MAIN+android.intent.category.LAUNCHER
ADDED from src/main/AndroidManifest.xml:52:13-55:29
action#android.intent.action.MAIN
ADDED from src/main/AndroidManifest.xml:53:17-68
	android:name
		ADDED from src/main/AndroidManifest.xml:53:25-66
activity#com.example.android.bluetoothlegatt.DeviceControlActivity
ADDED from src/main/AndroidManifest.xml:57:9-58
	android:name
		ADDED from src/main/AndroidManifest.xml:57:19-56
service#com.example.android.bluetoothlegatt.BluetoothLeService
ADDED from src/main/AndroidManifest.xml:58:9-63:19
	android:enabled
		ADDED from src/main/AndroidManifest.xml:58:53-75
	android:name
		ADDED from src/main/AndroidManifest.xml:58:18-52
intent-filter#START_BLE_SERVICE
ADDED from src/main/AndroidManifest.xml:59:13-62:29
action#START_BLE_SERVICE
ADDED from src/main/AndroidManifest.xml:60:17-60
	android:name
		ADDED from src/main/AndroidManifest.xml:60:25-57
uses-sdk
INJECTED from src/main/AndroidManifest.xml reason: use-sdk injection requested
MERGED from [com.android.support:support-v4:24.1.1] AndroidManifest.xml:21:5-23:54
MERGED from [com.android.support:support-v13:24.1.1] AndroidManifest.xml:21:5-23:55
MERGED from [com.android.support:support-v4:24.1.1] AndroidManifest.xml:21:5-23:54
MERGED from [com.android.support:cardview-v7:24.1.1] AndroidManifest.xml:20:5-43
MERGED from [com.android.support:appcompat-v7:24.1.1] AndroidManifest.xml:21:5-23:78
MERGED from [com.android.support:animated-vector-drawable:24.1.1] AndroidManifest.xml:20:5-44
MERGED from [com.android.support:support-vector-drawable:24.1.1] AndroidManifest.xml:21:5-43
MERGED from [com.android.support:support-v4:24.1.1] AndroidManifest.xml:21:5-23:54
MERGED from [com.android.support:support-v4:24.1.1] AndroidManifest.xml:21:5-23:54
MERGED from [com.android.support:support-vector-drawable:24.1.1] AndroidManifest.xml:21:5-43
MERGED from [com.android.support:support-v4:24.1.1] AndroidManifest.xml:21:5-23:54
	tools:overrideLibrary
		ADDED from [com.android.support:support-v4:24.1.1] AndroidManifest.xml:23:9-51
	android:targetSdkVersion
		INJECTED from src/main/AndroidManifest.xml
		INJECTED from src/main/AndroidManifest.xml
	android:minSdkVersion
		INJECTED from src/main/AndroidManifest.xml
		INJECTED from src/main/AndroidManifest.xml